Mon Apr 17 11:10:58 IST 2023  [debug] AvalonLogChute initialized using file 'velocity.log'
Mon Apr 17 11:10:58 IST 2023  [trace] *******************************************************************
Mon Apr 17 11:10:58 IST 2023  [debug] Starting Apache Velocity v1.5 (compiled: 2007-02-22 08:52:29)
Mon Apr 17 11:10:58 IST 2023  [trace] RuntimeInstance initializing.
Mon Apr 17 11:10:58 IST 2023  [debug] Default Properties File: org/apache/velocity/runtime/defaults/velocity.properties
Mon Apr 17 11:10:58 IST 2023  [debug] Trying to use logger class org.apache.velocity.runtime.log.AvalonLogChute
Mon Apr 17 11:10:58 IST 2023  [debug] Using logger class org.apache.velocity.runtime.log.AvalonLogChute
Mon Apr 17 11:10:58 IST 2023  [debug] Default ResourceManager initializing. (class org.apache.velocity.runtime.resource.ResourceManagerImpl)
Mon Apr 17 11:10:58 IST 2023  [debug] ResourceLoader instantiated: org.apache.velocity.runtime.resource.loader.ClasspathResourceLoader
Mon Apr 17 11:10:58 IST 2023  [trace] ClasspathResourceLoader : initialization complete.
Mon Apr 17 11:10:58 IST 2023  [debug] ResourceCache: initialized (class org.apache.velocity.runtime.resource.ResourceCacheImpl)
Mon Apr 17 11:10:58 IST 2023  [trace] Default ResourceManager initialization complete.
Mon Apr 17 11:10:58 IST 2023  [debug] Loaded System Directive: org.apache.velocity.runtime.directive.Literal
Mon Apr 17 11:10:58 IST 2023  [debug] Loaded System Directive: org.apache.velocity.runtime.directive.Macro
Mon Apr 17 11:10:58 IST 2023  [debug] Loaded System Directive: org.apache.velocity.runtime.directive.Parse
Mon Apr 17 11:10:58 IST 2023  [debug] Loaded System Directive: org.apache.velocity.runtime.directive.Include
Mon Apr 17 11:10:58 IST 2023  [debug] Loaded System Directive: org.apache.velocity.runtime.directive.Foreach
Mon Apr 17 11:10:58 IST 2023  [debug] Created '20' parsers.
Mon Apr 17 11:10:58 IST 2023  [trace] Velocimacro : initialization starting.
Mon Apr 17 11:10:58 IST 2023  [debug] Velocimacro : "velocimacro.library" is not set.  Trying default library: VM_global_library.vm
Mon Apr 17 11:10:58 IST 2023  [debug] Velocimacro : Default library not found.
Mon Apr 17 11:10:58 IST 2023  [debug] Velocimacro : allowInline = true : VMs can be defined inline in templates
Mon Apr 17 11:10:58 IST 2023  [debug] Velocimacro : allowInlineToOverride = false : VMs defined inline may NOT replace previous VM definitions
Mon Apr 17 11:10:58 IST 2023  [debug] Velocimacro : allowInlineLocal = false : VMs defined inline will be global in scope if allowed.
Mon Apr 17 11:10:58 IST 2023  [debug] Velocimacro : autoload off : VM system will not automatically reload global library macros
Mon Apr 17 11:10:58 IST 2023  [trace] Velocimacro : Velocimacro : initialization complete.
Mon Apr 17 11:10:58 IST 2023  [trace] RuntimeInstance successfully initialized.
